<?xml version="1.0" encoding="UTF-8"?>
<coverage generated="1679986922340" clover="3.2.0">
  <project timestamp="1679986922340" name="All files">
    <metrics statements="26" coveredstatements="15" conditionals="4" coveredconditionals="3" methods="9" coveredmethods="3" elements="39" coveredelements="21" complexity="0" loc="26" ncloc="26" packages="1" files="1" classes="1"/>
    <file name="StoreTemplate.js" path="C:\Hackethon_Frontend\staticsitegenerator\src\Components\Template\StoreTemplate.js">
      <metrics statements="26" coveredstatements="15" conditionals="4" coveredconditionals="3" methods="9" coveredmethods="3"/>
      <line num="10" count="7" type="stmt"/>
      <line num="11" count="6" type="stmt"/>
      <line num="13" count="6" type="stmt"/>
      <line num="14" count="6" type="stmt"/>
      <line num="15" count="6" type="stmt"/>
      <line num="17" count="6" type="stmt"/>
      <line num="18" count="6" type="stmt"/>
      <line num="19" count="0" type="stmt"/>
      <line num="21" count="6" type="stmt"/>
      <line num="22" count="0" type="stmt"/>
      <line num="24" count="6" type="stmt"/>
      <line num="25" count="3" type="stmt"/>
      <line num="26" count="3" type="stmt"/>
      <line num="27" count="3" type="stmt"/>
      <line num="28" count="3" type="stmt"/>
      <line num="29" count="0" type="stmt"/>
      <line num="30" count="0" type="stmt"/>
      <line num="33" count="0" type="stmt"/>
      <line num="35" count="0" type="stmt"/>
      <line num="38" count="3" type="stmt"/>
      <line num="41" count="6" type="stmt"/>
      <line num="58" count="0" type="stmt"/>
      <line num="62" count="0" type="stmt"/>
      <line num="63" count="0" type="stmt"/>
      <line num="70" count="0" type="stmt"/>
      <line num="71" count="0" type="stmt"/>
    </file>
  </project>
</coverage>
