{"C:\\Hackethon_Frontend\\staticsitegenerator\\src\\Components\\Template\\StoreTemplate.js": {"path":"C:\\Hackethon_Frontend\\staticsitegenerator\\src\\Components\\Template\\StoreTemplate.js","statementMap":{"0":{"start":{"line":10,"column":38},"end":{"line":10,"column":52}},"1":{"start":{"line":11,"column":38},"end":{"line":11,"column":52}},"2":{"start":{"line":13,"column":21},"end":{"line":13,"column":32}},"3":{"start":{"line":14,"column":32},"end":{"line":14,"column":46}},"4":{"start":{"line":15,"column":28},"end":{"line":15,"column":43}},"5":{"start":{"line":17,"column":16},"end":{"line":17,"column":29}},"6":{"start":{"line":18,"column":22},"end":{"line":20,"column":5}},"7":{"start":{"line":19,"column":8},"end":{"line":19,"column":30}},"8":{"start":{"line":21,"column":25},"end":{"line":23,"column":5}},"9":{"start":{"line":22,"column":8},"end":{"line":22,"column":37}},"10":{"start":{"line":24,"column":4},"end":{"line":39,"column":10}},"11":{"start":{"line":25,"column":34},"end":{"line":37,"column":9}},"12":{"start":{"line":26,"column":12},"end":{"line":36,"column":13}},"13":{"start":{"line":27,"column":16},"end":{"line":27,"column":30}},"14":{"start":{"line":28,"column":33},"end":{"line":28,"column":91}},"15":{"start":{"line":29,"column":16},"end":{"line":29,"column":37}},"16":{"start":{"line":30,"column":16},"end":{"line":30,"column":44}},"17":{"start":{"line":33,"column":16},"end":{"line":33,"column":32}},"18":{"start":{"line":35,"column":16},"end":{"line":35,"column":31}},"19":{"start":{"line":38,"column":8},"end":{"line":38,"column":28}},"20":{"start":{"line":41,"column":4},"end":{"line":83,"column":5}},"21":{"start":{"line":58,"column":73},"end":{"line":58,"column":85}},"22":{"start":{"line":62,"column":28},"end":{"line":62,"column":49}},"23":{"start":{"line":63,"column":28},"end":{"line":76,"column":29}},"24":{"start":{"line":70,"column":123},"end":{"line":70,"column":154}},"25":{"start":{"line":71,"column":151},"end":{"line":71,"column":182}}},"fnMap":{"0":{"name":"StoreTemplate","decl":{"start":{"line":9,"column":9},"end":{"line":9,"column":22}},"loc":{"start":{"line":9,"column":25},"end":{"line":84,"column":1}},"line":9},"1":{"name":"(anonymous_1)","decl":{"start":{"line":18,"column":22},"end":{"line":18,"column":23}},"loc":{"start":{"line":18,"column":28},"end":{"line":20,"column":5}},"line":18},"2":{"name":"(anonymous_2)","decl":{"start":{"line":21,"column":25},"end":{"line":21,"column":26}},"loc":{"start":{"line":21,"column":37},"end":{"line":23,"column":5}},"line":21},"3":{"name":"(anonymous_3)","decl":{"start":{"line":24,"column":14},"end":{"line":24,"column":15}},"loc":{"start":{"line":24,"column":20},"end":{"line":39,"column":5}},"line":24},"4":{"name":"(anonymous_4)","decl":{"start":{"line":25,"column":34},"end":{"line":25,"column":35}},"loc":{"start":{"line":25,"column":46},"end":{"line":37,"column":9}},"line":25},"5":{"name":"(anonymous_5)","decl":{"start":{"line":58,"column":65},"end":{"line":58,"column":66}},"loc":{"start":{"line":58,"column":71},"end":{"line":58,"column":87}},"line":58},"6":{"name":"(anonymous_6)","decl":{"start":{"line":61,"column":52},"end":{"line":61,"column":53}},"loc":{"start":{"line":61,"column":64},"end":{"line":77,"column":25}},"line":61},"7":{"name":"(anonymous_7)","decl":{"start":{"line":70,"column":115},"end":{"line":70,"column":116}},"loc":{"start":{"line":70,"column":121},"end":{"line":70,"column":156}},"line":70},"8":{"name":"(anonymous_8)","decl":{"start":{"line":71,"column":143},"end":{"line":71,"column":144}},"loc":{"start":{"line":71,"column":149},"end":{"line":71,"column":184}},"line":71}},"branchMap":{"0":{"loc":{"start":{"line":44,"column":13},"end":{"line":80,"column":19}},"type":"cond-expr","locations":[{"start":{"line":46,"column":16},"end":{"line":54,"column":22}},{"start":{"line":56,"column":16},"end":{"line":80,"column":19}}],"line":44},"1":{"loc":{"start":{"line":61,"column":25},"end":{"line":77,"column":26}},"type":"binary-expr","locations":[{"start":{"line":61,"column":25},"end":{"line":61,"column":34}},{"start":{"line":61,"column":38},"end":{"line":77,"column":26}}],"line":61}},"s":{"0":7,"1":6,"2":6,"3":6,"4":6,"5":6,"6":6,"7":0,"8":6,"9":0,"10":6,"11":3,"12":3,"13":3,"14":3,"15":0,"16":0,"17":0,"18":0,"19":3,"20":6,"21":0,"22":0,"23":0,"24":0,"25":0},"f":{"0":7,"1":0,"2":0,"3":3,"4":3,"5":0,"6":0,"7":0,"8":0},"b":{"0":[3,3],"1":[3,0]},"_coverageSchema":"1a1c01bbd47fc00a2c39e90264f33305004495a9","hash":"b02807a4b2486f659bdb41529f875e4e7b53738d"}
}
