TN:
SF:src\Components\Template\StoreTemplate.js
FN:9,StoreTemplate
FN:18,(anonymous_1)
FN:21,(anonymous_2)
FN:24,(anonymous_3)
FN:25,(anonymous_4)
FN:58,(anonymous_5)
FN:61,(anonymous_6)
FN:70,(anonymous_7)
FN:71,(anonymous_8)
FNF:9
FNH:3
FNDA:7,StoreTemplate
FNDA:0,(anonymous_1)
FNDA:0,(anonymous_2)
FNDA:3,(anonymous_3)
FNDA:3,(anonymous_4)
FNDA:0,(anonymous_5)
FNDA:0,(anonymous_6)
FNDA:0,(anonymous_7)
FNDA:0,(anonymous_8)
DA:10,7
DA:11,6
DA:13,6
DA:14,6
DA:15,6
DA:17,6
DA:18,6
DA:19,0
DA:21,6
DA:22,0
DA:24,6
DA:25,3
DA:26,3
DA:27,3
DA:28,3
DA:29,0
DA:30,0
DA:33,0
DA:35,0
DA:38,3
DA:41,6
DA:58,0
DA:62,0
DA:63,0
DA:70,0
DA:71,0
LF:26
LH:15
BRDA:44,0,0,3
BRDA:44,0,1,3
BRDA:61,1,0,3
BRDA:61,1,1,0
BRF:4
BRH:3
end_of_record
